<?xml version="1.0" encoding="UTF-8"?>
<testsuite name="demolition.BombTesting" tests="5" skipped="0" failures="0" errors="0" timestamp="2021-11-03T16:06:17" hostname="Jasons-MacBook-Pro.local" time="5.786">
  <properties/>
  <testcase name="testMultipleBombLocation()" classname="demolition.BombTesting" time="1.159"/>
  <testcase name="testBombExplode()" classname="demolition.BombTesting" time="1.152"/>
  <testcase name="bombKillPlayerKillEnemy()" classname="demolition.BombTesting" time="1.173"/>
  <testcase name="bombBreakBlock()" classname="demolition.BombTesting" time="1.12"/>
  <testcase name="bombBreakMultipleBlock()" classname="demolition.BombTesting" time="1.163"/>
  <system-out><![CDATA[]]></system-out>
  <system-err><![CDATA[java.lang.NullPointerException
	at demolition.App.draw(App.java:121)
	at processing.core.PApplet.handleDraw(PApplet.java:2426)
	at processing.awt.PSurfaceAWT$12.callDraw(PSurfaceAWT.java:1557)
	at processing.core.PSurfaceNone$AnimationThread.run(PSurfaceNone.java:316)
]]></system-err>
</testsuite>
