<?xml version="1.0" encoding="UTF-8"?>
<testsuite name="demolition.BombTesting" tests="5" skipped="0" failures="0" errors="0" timestamp="2021-11-04T03:04:57" hostname="Jasons-MacBook-Pro.local" time="5.808">
  <properties/>
  <testcase name="testMultipleBombLocation()" classname="demolition.BombTesting" time="1.154"/>
  <testcase name="testBombExplode()" classname="demolition.BombTesting" time="1.151"/>
  <testcase name="bombKillPlayerKillEnemy()" classname="demolition.BombTesting" time="1.148"/>
  <testcase name="bombBreakBlock()" classname="demolition.BombTesting" time="1.148"/>
  <testcase name="bombBreakMultipleBlock()" classname="demolition.BombTesting" time="1.181"/>
  <system-out><![CDATA[]]></system-out>
  <system-err><![CDATA[]]></system-err>
</testsuite>
