<?xml version="1.0" encoding="UTF-8"?>
<testsuite name="demolition.BombTesting" tests="6" skipped="0" failures="0" errors="0" timestamp="2021-11-04T11:31:03" hostname="DESKTOP-GJIUGBP" time="7.536">
  <properties/>
  <testcase name="testMultipleBombLocation()" classname="demolition.BombTesting" time="1.661"/>
  <testcase name="testBombExplode()" classname="demolition.BombTesting" time="1.15"/>
  <testcase name="bombKillPlayerKillEnemy()" classname="demolition.BombTesting" time="1.157"/>
  <testcase name="bombBreakBlock()" classname="demolition.BombTesting" time="1.141"/>
  <testcase name="playerSpaceDropBomb()" classname="demolition.BombTesting" time="1.149"/>
  <testcase name="bombBreakMultipleBlock()" classname="demolition.BombTesting" time="1.276"/>
  <system-out><![CDATA[]]></system-out>
  <system-err><![CDATA[java.util.ConcurrentModificationException
	at java.util.ArrayList$Itr.checkForComodification(ArrayList.java:911)
	at java.util.ArrayList$Itr.next(ArrayList.java:861)
	at demolition.App.draw(App.java:118)
	at processing.core.PApplet.handleDraw(PApplet.java:2426)
	at processing.awt.PSurfaceAWT$12.callDraw(PSurfaceAWT.java:1557)
	at processing.core.PSurfaceNone$AnimationThread.run(PSurfaceNone.java:316)
java.util.ConcurrentModificationException
	at java.util.ArrayList$Itr.checkForComodification(ArrayList.java:911)
	at java.util.ArrayList$Itr.next(ArrayList.java:861)
	at demolition.App.draw(App.java:118)
	at processing.core.PApplet.handleDraw(PApplet.java:2426)
	at processing.awt.PSurfaceAWT$12.callDraw(PSurfaceAWT.java:1557)
	at processing.core.PSurfaceNone$AnimationThread.run(PSurfaceNone.java:316)
]]></system-err>
</testsuite>
