<?xml version="1.0" encoding="UTF-8"?>
<testsuite name="demolition.playerTesting" tests="8" skipped="0" failures="0" errors="0" timestamp="2021-11-04T11:31:10" hostname="DESKTOP-GJIUGBP" time="8.803">
  <properties/>
  <testcase name="playerWalkIntoGoal()" classname="demolition.playerTesting" time="1.02"/>
  <testcase name="playerLives()" classname="demolition.playerTesting" time="1.14"/>
  <testcase name="movePlayerObject()" classname="demolition.playerTesting" time="1.126"/>
  <testcase name="playerWalkIntoRedEnemy()" classname="demolition.playerTesting" time="1.106"/>
  <testcase name="resetGameTime()" classname="demolition.playerTesting" time="1.229"/>
  <testcase name="createPlayerObject()" classname="demolition.playerTesting" time="1.135"/>
  <testcase name="keyPressing()" classname="demolition.playerTesting" time="1.024"/>
  <testcase name="playerTick()" classname="demolition.playerTesting" time="1.021"/>
  <system-out><![CDATA[]]></system-out>
  <system-err><![CDATA[]]></system-err>
</testsuite>
