<?xml version="1.0" encoding="UTF-8"?>
<testsuite name="demolition.SampleTest" tests="1" skipped="0" failures="0" errors="0" timestamp="2021-11-03T06:35:54" hostname="Jasons-MacBook-Pro.local" time="0.003">
  <properties/>
  <testcase name="simpleTest()" classname="demolition.SampleTest" time="0.003"/>
  <system-out><![CDATA[]]></system-out>
  <system-err><![CDATA[]]></system-err>
</testsuite>
