<?xml version="1.0" encoding="UTF-8"?>
<testsuite name="demolition.playerTesting" tests="8" skipped="0" failures="0" errors="0" timestamp="2021-11-04T07:04:57" hostname="DESKTOP-GJIUGBP" time="8.893">
  <properties/>
  <testcase name="playerWalkIntoGoal()" classname="demolition.playerTesting" time="1.022"/>
  <testcase name="playerLives()" classname="demolition.playerTesting" time="1.14"/>
  <testcase name="movePlayerObject()" classname="demolition.playerTesting" time="1.142"/>
  <testcase name="playerWalkIntoRedEnemy()" classname="demolition.playerTesting" time="1.12"/>
  <testcase name="resetGameTime()" classname="demolition.playerTesting" time="1.239"/>
  <testcase name="createPlayerObject()" classname="demolition.playerTesting" time="1.158"/>
  <testcase name="keyPressing()" classname="demolition.playerTesting" time="1.044"/>
  <testcase name="playerTick()" classname="demolition.playerTesting" time="1.026"/>
  <system-out><![CDATA[]]></system-out>
  <system-err><![CDATA[]]></system-err>
</testsuite>
