<?xml version="1.0" encoding="UTF-8"?>
<testsuite name="demolition.playerTesting" tests="7" skipped="0" failures="0" errors="0" timestamp="2021-11-04T03:05:03" hostname="Jasons-MacBook-Pro.local" time="8.334">
  <properties/>
  <testcase name="playerWalkIntoGoal()" classname="demolition.playerTesting" time="1.045"/>
  <testcase name="playerLives()" classname="demolition.playerTesting" time="1.143"/>
  <testcase name="movePlayerObject()" classname="demolition.playerTesting" time="1.148"/>
  <testcase name="playerWalkIntoRedEnemy()" classname="demolition.playerTesting" time="1.247"/>
  <testcase name="resetGameTime()" classname="demolition.playerTesting" time="1.402"/>
  <testcase name="createPlayerObject()" classname="demolition.playerTesting" time="1.22"/>
  <testcase name="keyPressing()" classname="demolition.playerTesting" time="1.074"/>
  <system-out><![CDATA[]]></system-out>
  <system-err><![CDATA[]]></system-err>
</testsuite>
