<?xml version="1.0" encoding="UTF-8"?>
<testsuite name="demolition.yellowEnemyTesting" tests="2" skipped="0" failures="0" errors="0" timestamp="2021-11-05T10:24:10" hostname="DESKTOP-GJIUGBP" time="2.067">
  <properties/>
  <testcase name="moveYellowEnemyUpDown()" classname="demolition.yellowEnemyTesting" time="1.031"/>
  <testcase name="moveYellowEnemyRightLeft()" classname="demolition.yellowEnemyTesting" time="1.035"/>
  <system-out><![CDATA[]]></system-out>
  <system-err><![CDATA[]]></system-err>
</testsuite>
