<?xml version="1.0" encoding="UTF-8"?>
<testsuite name="demolition.AllWallsTesting" tests="5" skipped="0" failures="0" errors="0" timestamp="2021-11-04T03:04:52" hostname="Jasons-MacBook-Pro.local" time="5.266">
  <properties/>
  <testcase name="createGoalTile()" classname="demolition.AllWallsTesting" time="1.757"/>
  <testcase name="simpleTest()" classname="demolition.AllWallsTesting" time="0.002"/>
  <testcase name="createBrokenWall()" classname="demolition.AllWallsTesting" time="1.2"/>
  <testcase name="createEmptyWall()" classname="demolition.AllWallsTesting" time="1.151"/>
  <testcase name="createSolidWall()" classname="demolition.AllWallsTesting" time="1.147"/>
  <system-out><![CDATA[]]></system-out>
  <system-err><![CDATA[]]></system-err>
</testsuite>
