<?xml version="1.0" encoding="UTF-8"?>
<testsuite name="demolition.BombTesting" tests="7" skipped="0" failures="0" errors="0" timestamp="2021-11-05T07:30:55" hostname="DESKTOP-GJIUGBP" time="8.558">
  <properties/>
  <testcase name="appBombList()" classname="demolition.BombTesting" time="1.446"/>
  <testcase name="testMultipleBombLocation()" classname="demolition.BombTesting" time="1.164"/>
  <testcase name="testBombExplode()" classname="demolition.BombTesting" time="1.137"/>
  <testcase name="bombKillPlayerKillEnemy()" classname="demolition.BombTesting" time="1.262"/>
  <testcase name="bombBreakBlock()" classname="demolition.BombTesting" time="1.154"/>
  <testcase name="playerSpaceDropBomb()" classname="demolition.BombTesting" time="1.143"/>
  <testcase name="bombBreakMultipleBlock()" classname="demolition.BombTesting" time="1.25"/>
  <system-out><![CDATA[No such file.
]]></system-out>
  <system-err><![CDATA[]]></system-err>
</testsuite>
