<?xml version="1.0" encoding="UTF-8"?>
<testsuite name="demolition.BombTesting" tests="7" skipped="0" failures="0" errors="0" timestamp="2021-11-05T10:23:47" hostname="DESKTOP-GJIUGBP" time="8.081">
  <properties/>
  <testcase name="appBombList()" classname="demolition.BombTesting" time="1.075"/>
  <testcase name="testMultipleBombLocation()" classname="demolition.BombTesting" time="1.134"/>
  <testcase name="testBombExplode()" classname="demolition.BombTesting" time="1.13"/>
  <testcase name="bombKillPlayerKillEnemy()" classname="demolition.BombTesting" time="1.272"/>
  <testcase name="bombBreakBlock()" classname="demolition.BombTesting" time="1.133"/>
  <testcase name="playerSpaceDropBomb()" classname="demolition.BombTesting" time="1.126"/>
  <testcase name="bombBreakMultipleBlock()" classname="demolition.BombTesting" time="1.211"/>
  <system-out><![CDATA[No such file.
]]></system-out>
  <system-err><![CDATA[]]></system-err>
</testsuite>
