<?xml version="1.0" encoding="UTF-8"?>
<testsuite name="demolition.redEnemyTesting" tests="4" skipped="0" failures="0" errors="0" timestamp="2021-11-05T09:36:33" hostname="DESKTOP-GJIUGBP" time="4.11">
  <properties/>
  <testcase name="redEnemyDeadEnd()" classname="demolition.redEnemyTesting" time="1.025"/>
  <testcase name="tickRedEnemy()" classname="demolition.redEnemyTesting" time="1.027"/>
  <testcase name="moveRedEnemyUpDown()" classname="demolition.redEnemyTesting" time="1.029"/>
  <testcase name="moveRedEnemyLeftRight()" classname="demolition.redEnemyTesting" time="1.029"/>
  <system-out><![CDATA[]]></system-out>
  <system-err><![CDATA[]]></system-err>
</testsuite>
