<?xml version="1.0" encoding="UTF-8"?>
<testsuite name="demolition.BombTesting" tests="7" skipped="0" failures="0" errors="0" timestamp="2021-11-05T09:44:16" hostname="DESKTOP-GJIUGBP" time="8.103">
  <properties/>
  <testcase name="appBombList()" classname="demolition.BombTesting" time="1.068"/>
  <testcase name="testMultipleBombLocation()" classname="demolition.BombTesting" time="1.138"/>
  <testcase name="testBombExplode()" classname="demolition.BombTesting" time="1.124"/>
  <testcase name="bombKillPlayerKillEnemy()" classname="demolition.BombTesting" time="1.3"/>
  <testcase name="bombBreakBlock()" classname="demolition.BombTesting" time="1.128"/>
  <testcase name="playerSpaceDropBomb()" classname="demolition.BombTesting" time="1.127"/>
  <testcase name="bombBreakMultipleBlock()" classname="demolition.BombTesting" time="1.215"/>
  <system-out><![CDATA[No such file.
]]></system-out>
  <system-err><![CDATA[]]></system-err>
</testsuite>
