<?xml version="1.0" encoding="UTF-8"?>
<testsuite name="demolition.redEnemyTesting" tests="4" skipped="0" failures="0" errors="0" timestamp="2021-11-04T07:05:06" hostname="DESKTOP-GJIUGBP" time="4.149">
  <properties/>
  <testcase name="redEnemyDeadEnd()" classname="demolition.redEnemyTesting" time="1.037"/>
  <testcase name="tickRedEnemy()" classname="demolition.redEnemyTesting" time="1.035"/>
  <testcase name="moveRedEnemyUpDown()" classname="demolition.redEnemyTesting" time="1.037"/>
  <testcase name="moveRedEnemyLeftRight()" classname="demolition.redEnemyTesting" time="1.039"/>
  <system-out><![CDATA[]]></system-out>
  <system-err><![CDATA[]]></system-err>
</testsuite>
