<?xml version="1.0" encoding="UTF-8"?>
<testsuite name="demolition.BombTesting" tests="5" skipped="0" failures="0" errors="0" timestamp="2021-11-04T07:04:52" hostname="DESKTOP-GJIUGBP" time="5.808">
  <properties/>
  <testcase name="testMultipleBombLocation()" classname="demolition.BombTesting" time="1.149"/>
  <testcase name="testBombExplode()" classname="demolition.BombTesting" time="1.146"/>
  <testcase name="bombKillPlayerKillEnemy()" classname="demolition.BombTesting" time="1.146"/>
  <testcase name="bombBreakBlock()" classname="demolition.BombTesting" time="1.143"/>
  <testcase name="bombBreakMultipleBlock()" classname="demolition.BombTesting" time="1.224"/>
  <system-out><![CDATA[]]></system-out>
  <system-err><![CDATA[]]></system-err>
</testsuite>
