<?xml version="1.0" encoding="UTF-8"?>
<testsuite name="demolition.BoardTesting" tests="2" skipped="0" failures="0" errors="0" timestamp="2021-11-04T07:04:49" hostname="DESKTOP-GJIUGBP" time="2.048">
  <properties/>
  <testcase name="boardLoad()" classname="demolition.BoardTesting" time="1.022"/>
  <testcase name="timerAtZero()" classname="demolition.BoardTesting" time="1.025"/>
  <system-out><![CDATA[]]></system-out>
  <system-err><![CDATA[]]></system-err>
</testsuite>
