<?xml version="1.0" encoding="UTF-8"?>
<testsuite name="demolition.AllWallsTesting" tests="5" skipped="0" failures="0" errors="0" timestamp="2021-11-05T10:23:37" hostname="DESKTOP-GJIUGBP" time="5.0">
  <properties/>
  <testcase name="createGoalTile()" classname="demolition.AllWallsTesting" time="1.619"/>
  <testcase name="simpleTest()" classname="demolition.AllWallsTesting" time="0.0"/>
  <testcase name="createBrokenWall()" classname="demolition.AllWallsTesting" time="1.138"/>
  <testcase name="createEmptyWall()" classname="demolition.AllWallsTesting" time="1.121"/>
  <testcase name="createSolidWall()" classname="demolition.AllWallsTesting" time="1.121"/>
  <system-out><![CDATA[]]></system-out>
  <system-err><![CDATA[]]></system-err>
</testsuite>
